#
# A fatal error has been detected by the Java Runtime Environment:
#
#  Internal Error (generateOopMap.cpp:2162), pid=10317, tid=10336
#  fatal error: Illegal class file encountered. Try running with -Xverify:all in method setUpBeforeClass
#
# JRE version: OpenJDK Runtime Environment (10.0.2+13) (build 10.0.2+13-Ubuntu-1ubuntu0.18.04.4)
# Java VM: OpenJDK 64-Bit Server VM (10.0.2+13-Ubuntu-1ubuntu0.18.04.4, mixed mode, tiered, compressed oops, g1 gc, linux-amd64)
# Core dump will be written. Default location: Core dumps may be processed with "/usr/share/apport/apport %p %s %c %d %P" (or dumping to /media/wesley/4a719698-57f3-46d7-a2fb-6bf784b04eba/git/Sprint2/planner_networking/core.10317)
#
# If you would like to submit a bug report, please visit:
#   http://bugreport.java.com/bugreport/crash.jsp
#

---------------  S U M M A R Y ------------

Command Line: -agentlib:jdwp=transport=dt_socket,suspend=y,address=localhost:46021 -ea -javaagent:/home/wesley/.eclipse/360744347_linux_gtk_x86_64/configuration/org.eclipse.osgi/232/0/.cp/lib/javaagent-shaded.jar -Dfile.encoding=UTF-8 org.eclipse.jdt.internal.junit.runner.RemoteTestRunner -version 3 -port 43409 -testLoaderClass org.eclipse.jdt.internal.junit5.runner.JUnit5TestLoader -loaderpluginname org.eclipse.jdt.junit5.runtime -classNames software_masters.planner_networking.ClientTest

Host: Intel(R) Core(TM) i7-4500U CPU @ 1.80GHz, 4 cores, 7G, Ubuntu 18.04.2 LTS
Time: Sun Mar 10 16:26:38 2019 EDT elapsed time: 220 seconds (0d 0h 3m 40s)

---------------  T H R E A D  ---------------

Current thread (0x00007f2e00151800):  VMThread "VM Thread" [stack: 0x00007f2de410a000,0x00007f2de420a000] [id=10336]

Stack: [0x00007f2de410a000,0x00007f2de420a000],  sp=0x00007f2de4207f60,  free space=1015k
Native frames: (J=compiled Java code, A=aot compiled Java code, j=interpreted, Vv=VM code, C=native code)
V  [libjvm.so+0xd27ea4]
V  [libjvm.so+0xd28a0f]
V  [libjvm.so+0x64d328]
V  [libjvm.so+0x7a72e5]
V  [libjvm.so+0x7a73bb]
V  [libjvm.so+0x7ad4ff]
V  [libjvm.so+0x7ae9ae]
V  [libjvm.so+0x7aedb9]
V  [libjvm.so+0xb1f14a]
V  [libjvm.so+0xb1f7d1]
V  [libjvm.so+0xabde16]
V  [libjvm.so+0x95085c]
V  [libjvm.so+0xd38871]
V  [libjvm.so+0xd35b3b]
V  [libjvm.so+0xd3715e]
V  [libjvm.so+0xd37588]
V  [libjvm.so+0xb33d40]

VM_Operation (0x00007f2dc8fbe9d0): GetOrSetLocal, mode: safepoint, requested by thread 0x00007f2e00219000


---------------  P R O C E S S  ---------------

Threads class SMR info:
_java_thread_list=0x00007f2e006d30b0, length=18, elements={
0x00007f2e00014000, 0x00007f2e0015b800, 0x00007f2e0015d800, 0x00007f2e00166800,
0x00007f2e00171000, 0x00007f2e00173000, 0x00007f2e00175000, 0x00007f2e00177000,
0x00007f2e00219000, 0x00007f2e0021c800, 0x00007f2d88001800, 0x00007f2e00233800,
0x00007f2e0038a800, 0x00007f2e00448000, 0x00007f2e006c4000, 0x00007f2e006c8000,
0x00007f2e006cf800, 0x00007f2e006d1800
}

Java Threads: ( => current thread )
  0x00007f2e00014000 JavaThread "main" [_thread_blocked, id=10324, stack(0x00007f2e07083000,0x00007f2e07184000)]
  0x00007f2e0015b800 JavaThread "Reference Handler" daemon [_thread_blocked, id=10338, stack(0x00007f2de4007000,0x00007f2de4108000)]
  0x00007f2e0015d800 JavaThread "Finalizer" daemon [_thread_blocked, id=10339, stack(0x00007f2dd415f000,0x00007f2dd4260000)]
  0x00007f2e00166800 JavaThread "Signal Dispatcher" daemon [_thread_blocked, id=10340, stack(0x00007f2dd405e000,0x00007f2dd415f000)]
  0x00007f2e00171000 JavaThread "C2 CompilerThread0" daemon [_thread_blocked, id=10341, stack(0x00007f2dc9530000,0x00007f2dc9631000)]
  0x00007f2e00173000 JavaThread "C2 CompilerThread1" daemon [_thread_blocked, id=10342, stack(0x00007f2dc942f000,0x00007f2dc9530000)]
  0x00007f2e00175000 JavaThread "C1 CompilerThread2" daemon [_thread_blocked, id=10343, stack(0x00007f2dc932e000,0x00007f2dc942f000)]
  0x00007f2e00177000 JavaThread "Sweeper thread" daemon [_thread_blocked, id=10344, stack(0x00007f2dc922d000,0x00007f2dc932e000)]
  0x00007f2e00219000 JavaThread "JDWP Transport Listener: dt_socket" daemon [_thread_blocked, id=10346, stack(0x00007f2dc8ebf000,0x00007f2dc8fc0000)] _threads_hazard_ptr=0x00007f2e006d30b0
  0x00007f2e0021c800 JavaThread "JDWP Event Helper Thread" daemon [_thread_blocked, id=10349, stack(0x00007f2dc8dbe000,0x00007f2dc8ebf000)]
  0x00007f2d88001800 JavaThread "JDWP Command Reader" daemon [_thread_in_native, id=10350, stack(0x00007f2dc8cbd000,0x00007f2dc8dbe000)]
  0x00007f2e00233800 JavaThread "Common-Cleaner" daemon [_thread_blocked, id=10352, stack(0x00007f2dc8bbc000,0x00007f2dc8cbd000)]
  0x00007f2e0038a800 JavaThread "Service Thread" daemon [_thread_blocked, id=10354, stack(0x00007f2dc8691000,0x00007f2dc8792000)]
  0x00007f2e00448000 JavaThread "ReaderThread" [_thread_in_native, id=10356, stack(0x00007f2dc808c000,0x00007f2dc818d000)]
  0x00007f2e006c4000 JavaThread "RMI TCP Accept-1099" daemon [_thread_in_native, id=10359, stack(0x00007f2d77605000,0x00007f2d77706000)]
  0x00007f2e006c8000 JavaThread "RMI TCP Accept-0" daemon [_thread_in_native, id=10360, stack(0x00007f2d77504000,0x00007f2d77605000)]
  0x00007f2e006cf800 JavaThread "RMI Reaper" [_thread_blocked, id=10361, stack(0x00007f2d77403000,0x00007f2d77504000)]
  0x00007f2e006d1800 JavaThread "RMI GC Daemon" daemon [_thread_blocked, id=10362, stack(0x00007f2d77100000,0x00007f2d77201000)]

Other Threads:
=>0x00007f2e00151800 VMThread "VM Thread" [stack: 0x00007f2de410a000,0x00007f2de420a000] [id=10336]
  0x00007f2e00391800 WatcherThread [stack: 0x00007f2dc8591000,0x00007f2dc8691000] [id=10355]
  0x00007f2e0002a800 GCTaskThread "GC Thread#0" [stack: 0x00007f2de67b6000,0x00007f2de68b6000] [id=10325]
  0x00007f2e0002c000 GCTaskThread "GC Thread#1" [stack: 0x00007f2de66b4000,0x00007f2de67b4000] [id=10326]
  0x00007f2e0002d800 GCTaskThread "GC Thread#2" [stack: 0x00007f2de65b2000,0x00007f2de66b2000] [id=10327]
  0x00007f2e0002f800 GCTaskThread "GC Thread#3" [stack: 0x00007f2de64b0000,0x00007f2de65b0000] [id=10328]
  0x00007f2e00059000 ConcurrentGCThread "G1 Main Marker" [stack: 0x00007f2de541c000,0x00007f2de551c000] [id=10329]
  0x00007f2e0005a800 ConcurrentGCThread "G1 Conc#0" [stack: 0x00007f2de531a000,0x00007f2de541a000] [id=10330]
  0x00007f2e000c2800 ConcurrentGCThread "G1 Refine#0" [stack: 0x00007f2de4e14000,0x00007f2de4f14000] [id=10331]
  0x00007f2e000c4000 ConcurrentGCThread "G1 Refine#1" [stack: 0x00007f2de4d12000,0x00007f2de4e12000] [id=10332]
  0x00007f2e000c6000 ConcurrentGCThread "G1 Refine#2" [stack: 0x00007f2de4c10000,0x00007f2de4d10000] [id=10333]
  0x00007f2e000c7800 ConcurrentGCThread "G1 Refine#3" [stack: 0x00007f2de4b0e000,0x00007f2de4c0e000] [id=10334]
  0x00007f2e000c9800 ConcurrentGCThread "G1 Young RemSet Sampling" [stack: 0x00007f2de4a0c000,0x00007f2de4b0c000] [id=10335]

Threads with active compile tasks:

VM state:at safepoint (normal execution)

VM Mutex/Monitor currently owned by a thread:  ([mutex/lock_event])
[0x00007f2e000103c0] Threads_lock - owner thread: 0x00007f2e00151800

Heap address: 0x0000000084c00000, size: 1972 MB, Compressed Oops mode: 32-bit
Narrow klass base: 0x0000000000000000, Narrow klass shift: 3
Compressed class space size: 1073741824 Address: 0x0000000100000000

Heap:
 garbage-first heap   total 126976K, used 28899K [0x0000000084c00000, 0x0000000100000000)
  region size 1024K, 29 young (29696K), 2 survivors (2048K)
 Metaspace       used 14776K, capacity 15270K, committed 15488K, reserved 1062912K
  class space    used 1428K, capacity 1644K, committed 1664K, reserved 1048576K
Heap Regions: E=young(eden), S=young(survivor), O=old, HS=humongous(starts), HC=humongous(continues), CS=collection set, F=free, A=archive, TS=gc time stamp, AC=allocation context, TAMS=top-at-mark-start (previous, next)
|   0|0x0000000084c00000, 0x0000000084c38c00, 0x0000000084d00000| 22%| O|  |TS  1|AC  0|TAMS 0x0000000084c00000, 0x0000000084c00000|
|   1|0x0000000084d00000, 0x0000000084d00000, 0x0000000084e00000|  0%| F|  |TS  0|AC  0|TAMS 0x0000000084d00000, 0x0000000084d00000|
|   2|0x0000000084e00000, 0x0000000084e00000, 0x0000000084f00000|  0%| F|  |TS  0|AC  0|TAMS 0x0000000084e00000, 0x0000000084e00000|
|   3|0x0000000084f00000, 0x0000000084f00000, 0x0000000085000000|  0%| F|  |TS  0|AC  0|TAMS 0x0000000084f00000, 0x0000000084f00000|
|   4|0x0000000085000000, 0x0000000085000000, 0x0000000085100000|  0%| F|  |TS  0|AC  0|TAMS 0x0000000085000000, 0x0000000085000000|
|   5|0x0000000085100000, 0x0000000085100000, 0x0000000085200000|  0%| F|  |TS  0|AC  0|TAMS 0x0000000085100000, 0x0000000085100000|
|   6|0x0000000085200000, 0x0000000085200000, 0x0000000085300000|  0%| F|  |TS  0|AC  0|TAMS 0x0000000085200000, 0x0000000085200000|
|   7|0x0000000085300000, 0x0000000085300000, 0x0000000085400000|  0%| F|  |TS  0|AC  0|TAMS 0x0000000085300000, 0x0000000085300000|
|   8|0x0000000085400000, 0x0000000085400000, 0x0000000085500000|  0%| F|  |TS  0|AC  0|TAMS 0x0000000085400000, 0x0000000085400000|
|   9|0x0000000085500000, 0x0000000085500000, 0x0000000085600000|  0%| F|  |TS  0|AC  0|TAMS 0x0000000085500000, 0x0000000085500000|
|  10|0x0000000085600000, 0x0000000085600000, 0x0000000085700000|  0%| F|  |TS  0|AC  0|TAMS 0x0000000085600000, 0x0000000085600000|
|  11|0x0000000085700000, 0x0000000085700000, 0x0000000085800000|  0%| F|  |TS  0|AC  0|TAMS 0x0000000085700000, 0x0000000085700000|
|  12|0x0000000085800000, 0x0000000085800000, 0x0000000085900000|  0%| F|  |TS  0|AC  0|TAMS 0x0000000085800000, 0x0000000085800000|
|  13|0x0000000085900000, 0x0000000085900000, 0x0000000085a00000|  0%| F|  |TS  0|AC  0|TAMS 0x0000000085900000, 0x0000000085900000|
|  14|0x0000000085a00000, 0x0000000085a00000, 0x0000000085b00000|  0%| F|  |TS  0|AC  0|TAMS 0x0000000085a00000, 0x0000000085a00000|
|  15|0x0000000085b00000, 0x0000000085b00000, 0x0000000085c00000|  0%| F|  |TS  0|AC  0|TAMS 0x0000000085b00000, 0x0000000085b00000|
|  16|0x0000000085c00000, 0x0000000085c00000, 0x0000000085d00000|  0%| F|  |TS  0|AC  0|TAMS 0x0000000085c00000, 0x0000000085c00000|
|  17|0x0000000085d00000, 0x0000000085d00000, 0x0000000085e00000|  0%| F|  |TS  0|AC  0|TAMS 0x0000000085d00000, 0x0000000085d00000|
|  18|0x0000000085e00000, 0x0000000085e00000, 0x0000000085f00000|  0%| F|  |TS  0|AC  0|TAMS 0x0000000085e00000, 0x0000000085e00000|
|  19|0x0000000085f00000, 0x0000000085f00000, 0x0000000086000000|  0%| F|  |TS  0|AC  0|TAMS 0x0000000085f00000, 0x0000000085f00000|
|  20|0x0000000086000000, 0x0000000086000000, 0x0000000086100000|  0%| F|  |TS  0|AC  0|TAMS 0x0000000086000000, 0x0000000086000000|
|  21|0x0000000086100000, 0x0000000086100000, 0x0000000086200000|  0%| F|  |TS  0|AC  0|TAMS 0x0000000086100000, 0x0000000086100000|
|  22|0x0000000086200000, 0x0000000086200000, 0x0000000086300000|  0%| F|  |TS  0|AC  0|TAMS 0x0000000086200000, 0x0000000086200000|
|  23|0x0000000086300000, 0x0000000086300000, 0x0000000086400000|  0%| F|  |TS  0|AC  0|TAMS 0x0000000086300000, 0x0000000086300000|
|  24|0x0000000086400000, 0x0000000086400000, 0x0000000086500000|  0%| F|  |TS  0|AC  0|TAMS 0x0000000086400000, 0x0000000086400000|
|  25|0x0000000086500000, 0x0000000086500000, 0x0000000086600000|  0%| F|  |TS  0|AC  0|TAMS 0x0000000086500000, 0x0000000086500000|
|  26|0x0000000086600000, 0x0000000086600000, 0x0000000086700000|  0%| F|  |TS  0|AC  0|TAMS 0x0000000086600000, 0x0000000086600000|
|  27|0x0000000086700000, 0x0000000086700000, 0x0000000086800000|  0%| F|  |TS  0|AC  0|TAMS 0x0000000086700000, 0x0000000086700000|
|  28|0x0000000086800000, 0x0000000086800000, 0x0000000086900000|  0%| F|  |TS  0|AC  0|TAMS 0x0000000086800000, 0x0000000086800000|
|  29|0x0000000086900000, 0x0000000086900000, 0x0000000086a00000|  0%| F|  |TS  0|AC  0|TAMS 0x0000000086900000, 0x0000000086900000|
|  30|0x0000000086a00000, 0x0000000086a00000, 0x0000000086b00000|  0%| F|  |TS  0|AC  0|TAMS 0x0000000086a00000, 0x0000000086a00000|
|  31|0x0000000086b00000, 0x0000000086b00000, 0x0000000086c00000|  0%| F|  |TS  0|AC  0|TAMS 0x0000000086b00000, 0x0000000086b00000|
|  32|0x0000000086c00000, 0x0000000086c00000, 0x0000000086d00000|  0%| F|  |TS  0|AC  0|TAMS 0x0000000086c00000, 0x0000000086c00000|
|  33|0x0000000086d00000, 0x0000000086d00000, 0x0000000086e00000|  0%| F|  |TS  0|AC  0|TAMS 0x0000000086d00000, 0x0000000086d00000|
|  34|0x0000000086e00000, 0x0000000086e00000, 0x0000000086f00000|  0%| F|  |TS  0|AC  0|TAMS 0x0000000086e00000, 0x0000000086e00000|
|  35|0x0000000086f00000, 0x0000000086f00000, 0x0000000087000000|  0%| F|  |TS  0|AC  0|TAMS 0x0000000086f00000, 0x0000000086f00000|
|  36|0x0000000087000000, 0x0000000087000000, 0x0000000087100000|  0%| F|  |TS  0|AC  0|TAMS 0x0000000087000000, 0x0000000087000000|
|  37|0x0000000087100000, 0x0000000087100000, 0x0000000087200000|  0%| F|  |TS  0|AC  0|TAMS 0x0000000087100000, 0x0000000087100000|
|  38|0x0000000087200000, 0x0000000087200000, 0x0000000087300000|  0%| F|  |TS  0|AC  0|TAMS 0x0000000087200000, 0x0000000087200000|
|  39|0x0000000087300000, 0x0000000087300000, 0x0000000087400000|  0%| F|  |TS  0|AC  0|TAMS 0x0000000087300000, 0x0000000087300000|
|  40|0x0000000087400000, 0x0000000087400000, 0x0000000087500000|  0%| F|  |TS  0|AC  0|TAMS 0x0000000087400000, 0x0000000087400000|
|  41|0x0000000087500000, 0x0000000087500000, 0x0000000087600000|  0%| F|  |TS  0|AC  0|TAMS 0x0000000087500000, 0x0000000087500000|
|  42|0x0000000087600000, 0x0000000087600000, 0x0000000087700000|  0%| F|  |TS  0|AC  0|TAMS 0x0000000087600000, 0x0000000087600000|
|  43|0x0000000087700000, 0x0000000087700000, 0x0000000087800000|  0%| F|  |TS  0|AC  0|TAMS 0x0000000087700000, 0x0000000087700000|
|  44|0x0000000087800000, 0x0000000087800000, 0x0000000087900000|  0%| F|  |TS  0|AC  0|TAMS 0x0000000087800000, 0x0000000087800000|
|  45|0x0000000087900000, 0x0000000087900000, 0x0000000087a00000|  0%| F|  |TS  0|AC  0|TAMS 0x0000000087900000, 0x0000000087900000|
|  46|0x0000000087a00000, 0x0000000087a00000, 0x0000000087b00000|  0%| F|  |TS  0|AC  0|TAMS 0x0000000087a00000, 0x0000000087a00000|
|  47|0x0000000087b00000, 0x0000000087b00000, 0x0000000087c00000|  0%| F|  |TS  0|AC  0|TAMS 0x0000000087b00000, 0x0000000087b00000|
|  48|0x0000000087c00000, 0x0000000087c00000, 0x0000000087d00000|  0%| F|  |TS  0|AC  0|TAMS 0x0000000087c00000, 0x0000000087c00000|
|  49|0x0000000087d00000, 0x0000000087d00000, 0x0000000087e00000|  0%| F|  |TS  0|AC  0|TAMS 0x0000000087d00000, 0x0000000087d00000|
|  50|0x0000000087e00000, 0x0000000087e00000, 0x0000000087f00000|  0%| F|  |TS  0|AC  0|TAMS 0x0000000087e00000, 0x0000000087e00000|
|  51|0x0000000087f00000, 0x0000000087f00000, 0x0000000088000000|  0%| F|  |TS  0|AC  0|TAMS 0x0000000087f00000, 0x0000000087f00000|
|  52|0x0000000088000000, 0x0000000088000000, 0x0000000088100000|  0%| F|  |TS  0|AC  0|TAMS 0x0000000088000000, 0x0000000088000000|
|  53|0x0000000088100000, 0x0000000088100000, 0x0000000088200000|  0%| F|  |TS  0|AC  0|TAMS 0x0000000088100000, 0x0000000088100000|
|  54|0x0000000088200000, 0x0000000088200000, 0x0000000088300000|  0%| F|  |TS  0|AC  0|TAMS 0x0000000088200000, 0x0000000088200000|
|  55|0x0000000088300000, 0x0000000088300000, 0x0000000088400000|  0%| F|  |TS  0|AC  0|TAMS 0x0000000088300000, 0x0000000088300000|
|  56|0x0000000088400000, 0x0000000088400000, 0x0000000088500000|  0%| F|  |TS  0|AC  0|TAMS 0x0000000088400000, 0x0000000088400000|
|  57|0x0000000088500000, 0x0000000088500000, 0x0000000088600000|  0%| F|  |TS  0|AC  0|TAMS 0x0000000088500000, 0x0000000088500000|
|  58|0x0000000088600000, 0x0000000088600000, 0x0000000088700000|  0%| F|  |TS  0|AC  0|TAMS 0x0000000088600000, 0x0000000088600000|
|  59|0x0000000088700000, 0x0000000088700000, 0x0000000088800000|  0%| F|  |TS  0|AC  0|TAMS 0x0000000088700000, 0x0000000088700000|
|  60|0x0000000088800000, 0x0000000088800000, 0x0000000088900000|  0%| F|  |TS  0|AC  0|TAMS 0x0000000088800000, 0x0000000088800000|
|  61|0x0000000088900000, 0x0000000088900000, 0x0000000088a00000|  0%| F|  |TS  0|AC  0|TAMS 0x0000000088900000, 0x0000000088900000|
|  62|0x0000000088a00000, 0x0000000088a00000, 0x0000000088b00000|  0%| F|  |TS  0|AC  0|TAMS 0x0000000088a00000, 0x0000000088a00000|
|  63|0x0000000088b00000, 0x0000000088b00000, 0x0000000088c00000|  0%| F|  |TS  0|AC  0|TAMS 0x0000000088b00000, 0x0000000088b00000|
|  64|0x0000000088c00000, 0x0000000088c00000, 0x0000000088d00000|  0%| F|  |TS  0|AC  0|TAMS 0x0000000088c00000, 0x0000000088c00000|
|  65|0x0000000088d00000, 0x0000000088d00000, 0x0000000088e00000|  0%| F|  |TS  0|AC  0|TAMS 0x0000000088d00000, 0x0000000088d00000|
|  66|0x0000000088e00000, 0x0000000088e00000, 0x0000000088f00000|  0%| F|  |TS  0|AC  0|TAMS 0x0000000088e00000, 0x0000000088e00000|
|  67|0x0000000088f00000, 0x0000000088f00000, 0x0000000089000000|  0%| F|  |TS  0|AC  0|TAMS 0x0000000088f00000, 0x0000000088f00000|
|  68|0x0000000089000000, 0x0000000089000000, 0x0000000089100000|  0%| F|  |TS  0|AC  0|TAMS 0x0000000089000000, 0x0000000089000000|
|  69|0x0000000089100000, 0x0000000089100000, 0x0000000089200000|  0%| F|  |TS  0|AC  0|TAMS 0x0000000089100000, 0x0000000089100000|
|  70|0x0000000089200000, 0x0000000089200000, 0x0000000089300000|  0%| F|  |TS  0|AC  0|TAMS 0x0000000089200000, 0x0000000089200000|
|  71|0x0000000089300000, 0x0000000089300000, 0x0000000089400000|  0%| F|  |TS  0|AC  0|TAMS 0x0000000089300000, 0x0000000089300000|
|  72|0x0000000089400000, 0x0000000089400000, 0x0000000089500000|  0%| F|  |TS  0|AC  0|TAMS 0x0000000089400000, 0x0000000089400000|
|  73|0x0000000089500000, 0x0000000089500000, 0x0000000089600000|  0%| F|  |TS  0|AC  0|TAMS 0x0000000089500000, 0x0000000089500000|
|  74|0x0000000089600000, 0x0000000089600000, 0x0000000089700000|  0%| F|  |TS  0|AC  0|TAMS 0x0000000089600000, 0x0000000089600000|
|  75|0x0000000089700000, 0x0000000089700000, 0x0000000089800000|  0%| F|  |TS  0|AC  0|TAMS 0x0000000089700000, 0x0000000089700000|
|  76|0x0000000089800000, 0x0000000089800000, 0x0000000089900000|  0%| F|  |TS  0|AC  0|TAMS 0x0000000089800000, 0x0000000089800000|
|  77|0x0000000089900000, 0x0000000089900000, 0x0000000089a00000|  0%| F|  |TS  0|AC  0|TAMS 0x0000000089900000, 0x0000000089900000|
|  78|0x0000000089a00000, 0x0000000089a00000, 0x0000000089b00000|  0%| F|  |TS  0|AC  0|TAMS 0x0000000089a00000, 0x0000000089a00000|
|  79|0x0000000089b00000, 0x0000000089b00000, 0x0000000089c00000|  0%| F|  |TS  0|AC  0|TAMS 0x0000000089b00000, 0x0000000089b00000|
|  80|0x0000000089c00000, 0x0000000089c00000, 0x0000000089d00000|  0%| F|  |TS  0|AC  0|TAMS 0x0000000089c00000, 0x0000000089c00000|
|  81|0x0000000089d00000, 0x0000000089d00000, 0x0000000089e00000|  0%| F|  |TS  0|AC  0|TAMS 0x0000000089d00000, 0x0000000089d00000|
|  82|0x0000000089e00000, 0x0000000089e00000, 0x0000000089f00000|  0%| F|  |TS  0|AC  0|TAMS 0x0000000089e00000, 0x0000000089e00000|
|  83|0x0000000089f00000, 0x0000000089f00000, 0x000000008a000000|  0%| F|  |TS  0|AC  0|TAMS 0x0000000089f00000, 0x0000000089f00000|
|  84|0x000000008a000000, 0x000000008a000000, 0x000000008a100000|  0%| F|  |TS  0|AC  0|TAMS 0x000000008a000000, 0x000000008a000000|
|  85|0x000000008a100000, 0x000000008a100000, 0x000000008a200000|  0%| F|  |TS  0|AC  0|TAMS 0x000000008a100000, 0x000000008a100000|
|  86|0x000000008a200000, 0x000000008a200000, 0x000000008a300000|  0%| F|  |TS  0|AC  0|TAMS 0x000000008a200000, 0x000000008a200000|
|  87|0x000000008a300000, 0x000000008a300000, 0x000000008a400000|  0%| F|  |TS  0|AC  0|TAMS 0x000000008a300000, 0x000000008a300000|
|  88|0x000000008a400000, 0x000000008a400000, 0x000000008a500000|  0%| F|  |TS  0|AC  0|TAMS 0x000000008a400000, 0x000000008a400000|
|  89|0x000000008a500000, 0x000000008a500000, 0x000000008a600000|  0%| F|  |TS  0|AC  0|TAMS 0x000000008a500000, 0x000000008a500000|
|  90|0x000000008a600000, 0x000000008a600000, 0x000000008a700000|  0%| F|  |TS  0|AC  0|TAMS 0x000000008a600000, 0x000000008a600000|
|  91|0x000000008a700000, 0x000000008a700000, 0x000000008a800000|  0%| F|  |TS  0|AC  0|TAMS 0x000000008a700000, 0x000000008a700000|
|  92|0x000000008a800000, 0x000000008a800000, 0x000000008a900000|  0%| F|  |TS  0|AC  0|TAMS 0x000000008a800000, 0x000000008a800000|
|  93|0x000000008a900000, 0x000000008a900000, 0x000000008aa00000|  0%| F|  |TS  0|AC  0|TAMS 0x000000008a900000, 0x000000008a900000|
|  94|0x000000008aa00000, 0x000000008aa00000, 0x000000008ab00000|  0%| F|  |TS  0|AC  0|TAMS 0x000000008aa00000, 0x000000008aa00000|
|  95|0x000000008ab00000, 0x000000008ac00000, 0x000000008ac00000|100%| E|  |TS  0|AC  0|TAMS 0x000000008ab00000, 0x000000008ab00000|
|  96|0x000000008ac00000, 0x000000008ad00000, 0x000000008ad00000|100%| E|CS|TS  0|AC  0|TAMS 0x000000008ac00000, 0x000000008ac00000|
|  97|0x000000008ad00000, 0x000000008ae00000, 0x000000008ae00000|100%| E|CS|TS  0|AC  0|TAMS 0x000000008ad00000, 0x000000008ad00000|
|  98|0x000000008ae00000, 0x000000008af00000, 0x000000008af00000|100%| E|CS|TS  0|AC  0|TAMS 0x000000008ae00000, 0x000000008ae00000|
|  99|0x000000008af00000, 0x000000008b000000, 0x000000008b000000|100%| E|CS|TS  0|AC  0|TAMS 0x000000008af00000, 0x000000008af00000|
| 100|0x000000008b000000, 0x000000008b100000, 0x000000008b100000|100%| E|CS|TS  0|AC  0|TAMS 0x000000008b000000, 0x000000008b000000|
| 101|0x000000008b100000, 0x000000008b200000, 0x000000008b200000|100%| E|CS|TS  0|AC  0|TAMS 0x000000008b100000, 0x000000008b100000|
| 102|0x000000008b200000, 0x000000008b300000, 0x000000008b300000|100%| E|CS|TS  0|AC  0|TAMS 0x000000008b200000, 0x000000008b200000|
| 103|0x000000008b300000, 0x000000008b400000, 0x000000008b400000|100%| E|CS|TS  0|AC  0|TAMS 0x000000008b300000, 0x000000008b300000|
| 104|0x000000008b400000, 0x000000008b500000, 0x000000008b500000|100%| E|CS|TS  0|AC  0|TAMS 0x000000008b400000, 0x000000008b400000|
| 105|0x000000008b500000, 0x000000008b600000, 0x000000008b600000|100%| E|CS|TS  0|AC  0|TAMS 0x000000008b500000, 0x000000008b500000|
| 106|0x000000008b600000, 0x000000008b700000, 0x000000008b700000|100%| E|CS|TS  0|AC  0|TAMS 0x000000008b600000, 0x000000008b600000|
| 107|0x000000008b700000, 0x000000008b800000, 0x000000008b800000|100%| E|CS|TS  0|AC  0|TAMS 0x000000008b700000, 0x000000008b700000|
| 108|0x000000008b800000, 0x000000008b900000, 0x000000008b900000|100%| S|CS|TS  1|AC  0|TAMS 0x000000008b800000, 0x000000008b800000|
| 109|0x000000008b900000, 0x000000008ba00000, 0x000000008ba00000|100%| S|CS|TS  1|AC  0|TAMS 0x000000008b900000, 0x000000008b900000|
| 110|0x000000008ba00000, 0x000000008bb00000, 0x000000008bb00000|100%| E|CS|TS  1|AC  0|TAMS 0x000000008ba00000, 0x000000008ba00000|
| 111|0x000000008bb00000, 0x000000008bc00000, 0x000000008bc00000|100%| E|CS|TS  1|AC  0|TAMS 0x000000008bb00000, 0x000000008bb00000|
| 112|0x000000008bc00000, 0x000000008bd00000, 0x000000008bd00000|100%| E|CS|TS  1|AC  0|TAMS 0x000000008bc00000, 0x000000008bc00000|
| 113|0x000000008bd00000, 0x000000008be00000, 0x000000008be00000|100%| E|CS|TS  1|AC  0|TAMS 0x000000008bd00000, 0x000000008bd00000|
| 114|0x000000008be00000, 0x000000008bf00000, 0x000000008bf00000|100%| E|CS|TS  1|AC  0|TAMS 0x000000008be00000, 0x000000008be00000|
| 115|0x000000008bf00000, 0x000000008c000000, 0x000000008c000000|100%| E|CS|TS  1|AC  0|TAMS 0x000000008bf00000, 0x000000008bf00000|
| 116|0x000000008c000000, 0x000000008c100000, 0x000000008c100000|100%| E|CS|TS  1|AC  0|TAMS 0x000000008c000000, 0x000000008c000000|
| 117|0x000000008c100000, 0x000000008c200000, 0x000000008c200000|100%| E|CS|TS  1|AC  0|TAMS 0x000000008c100000, 0x000000008c100000|
| 118|0x000000008c200000, 0x000000008c300000, 0x000000008c300000|100%| E|CS|TS  1|AC  0|TAMS 0x000000008c200000, 0x000000008c200000|
| 119|0x000000008c300000, 0x000000008c400000, 0x000000008c400000|100%| E|CS|TS  1|AC  0|TAMS 0x000000008c300000, 0x000000008c300000|
| 120|0x000000008c400000, 0x000000008c500000, 0x000000008c500000|100%| E|CS|TS  1|AC  0|TAMS 0x000000008c400000, 0x000000008c400000|
| 121|0x000000008c500000, 0x000000008c600000, 0x000000008c600000|100%| E|CS|TS  1|AC  0|TAMS 0x000000008c500000, 0x000000008c500000|
| 122|0x000000008c600000, 0x000000008c700000, 0x000000008c700000|100%| E|CS|TS  1|AC  0|TAMS 0x000000008c600000, 0x000000008c600000|
| 123|0x000000008c700000, 0x000000008c800000, 0x000000008c800000|100%| E|CS|TS  1|AC  0|TAMS 0x000000008c700000, 0x000000008c700000|

Card table byte_map: [0x00007f2de58f6000,0x00007f2de5cd0000] byte_map_base: 0x00007f2de54d0000

Marking Bits (Prev, Next): (CMBitMap*) 0x00007f2e00058020, (CMBitMap*) 0x00007f2e00058058
 Prev Bits: [0x00007f2dd6130000, 0x00007f2dd8000000)
 Next Bits: [0x00007f2dd4260000, 0x00007f2dd6130000)

Polling page: 0x00007f2e0719b000

CodeHeap 'non-profiled nmethods': size=120032Kb used=676Kb max_used=679Kb free=119355Kb
 bounds [0x00007f2dee554000, 0x00007f2dee7c4000, 0x00007f2df5a8c000]
CodeHeap 'profiled nmethods': size=120032Kb used=2720Kb max_used=3023Kb free=117311Kb
 bounds [0x00007f2de701c000, 0x00007f2de731c000, 0x00007f2dee554000]
CodeHeap 'non-nmethods': size=5696Kb used=1133Kb max_used=1204Kb free=4562Kb
 bounds [0x00007f2de6a8c000, 0x00007f2de6cfc000, 0x00007f2de701c000]
 total_blobs=2125 nmethods=1303 adapters=294
 compilation: enabled

Compilation events (10 events):
Event: 156.824 Thread 0x00007f2e00175000 1451       3       org.eclipse.jdt.launching.internal.org.objectweb.asm.AnnotationVisitor::<init> (7 bytes)
Event: 156.824 Thread 0x00007f2e00175000 nmethod 1451 0x00007f2de730f910 code [0x00007f2de730fb00, 0x00007f2de730fe88]
Event: 177.104 Thread 0x00007f2e00175000 1452       3       org.eclipse.jdt.launching.internal.org.objectweb.asm.ClassReader::readElementValues (88 bytes)
Event: 177.105 Thread 0x00007f2e00175000 nmethod 1452 0x00007f2de7310010 code [0x00007f2de7310240, 0x00007f2de73109f8]
Event: 177.105 Thread 0x00007f2e00175000 1453       3       org.eclipse.jdt.launching.internal.org.objectweb.asm.AnnotationWriter::visitEnd (44 bytes)
Event: 177.105 Thread 0x00007f2e00175000 nmethod 1453 0x00007f2de701c010 code [0x00007f2de701c1c0, 0x00007f2de701c3b0]
Event: 195.237 Thread 0x00007f2e00171000 1454       4       org.eclipse.jdt.launching.internal.org.objectweb.asm.SymbolTable::addConstantMemberReference (147 bytes)
Event: 195.252 Thread 0x00007f2e00175000 1455       3       org.eclipse.jdt.launching.internal.org.objectweb.asm.AnnotationWriter::<init> (9 bytes)
Event: 195.252 Thread 0x00007f2e00175000 nmethod 1455 0x00007f2de701d890 code [0x00007f2de701da40, 0x00007f2de701dc08]
Event: 195.388 Thread 0x00007f2e00171000 nmethod 1454 0x00007f2dee5fdf90 code [0x00007f2dee5fe240, 0x00007f2dee600d40]

GC Heap History (2 events):
Event: 0.678 GC heap before
{Heap before GC invocations=0 (full 0):
 garbage-first heap   total 126976K, used 14336K [0x0000000084c00000, 0x0000000100000000)
  region size 1024K, 14 young (14336K), 0 survivors (0K)
 Metaspace       used 10177K, capacity 10372K, committed 10496K, reserved 1058816K
  class space    used 865K, capacity 921K, committed 1024K, reserved 1048576K
}
Event: 0.684 GC heap after
{Heap after GC invocations=1 (full 0):
 garbage-first heap   total 126976K, used 2275K [0x0000000084c00000, 0x0000000100000000)
  region size 1024K, 2 young (2048K), 2 survivors (2048K)
 Metaspace       used 10177K, capacity 10372K, committed 10496K, reserved 1058816K
  class space    used 865K, capacity 921K, committed 1024K, reserved 1048576K
}

Deoptimization events (10 events):
Event: 0.913 Thread 0x00007f2e00014000 Uncommon trap: reason=class_check action=maybe_recompile pc=0x00007f2dee5a22c8 method=java.util.HashMap.putVal(ILjava/lang/Object;Ljava/lang/Object;ZZ)Ljava/lang/Object; @ 91 c2
Event: 0.914 Thread 0x00007f2e00014000 Uncommon trap: reason=class_check action=maybe_recompile pc=0x00007f2dee5a22c8 method=java.util.HashMap.putVal(ILjava/lang/Object;Ljava/lang/Object;ZZ)Ljava/lang/Object; @ 91 c2
Event: 0.914 Thread 0x00007f2e00014000 Uncommon trap: reason=class_check action=maybe_recompile pc=0x00007f2dee5a22c8 method=java.util.HashMap.putVal(ILjava/lang/Object;Ljava/lang/Object;ZZ)Ljava/lang/Object; @ 91 c2
Event: 0.914 Thread 0x00007f2e00014000 Uncommon trap: reason=class_check action=maybe_recompile pc=0x00007f2dee5a22c8 method=java.util.HashMap.putVal(ILjava/lang/Object;Ljava/lang/Object;ZZ)Ljava/lang/Object; @ 91 c2
Event: 0.937 Thread 0x00007f2e00014000 Uncommon trap: reason=unstable_if action=reinterpret pc=0x00007f2dee5a6778 method=java.util.HashMap.getNode(ILjava/lang/Object;)Ljava/util/HashMap$Node; @ 129 c2
Event: 1.000 Thread 0x00007f2e00014000 Uncommon trap: reason=bimorphic_or_optimized_type_check action=maybe_recompile pc=0x00007f2dee5a9ef0 method=java.util.HashMap.putVal(ILjava/lang/Object;Ljava/lang/Object;ZZ)Ljava/lang/Object; @ 91 c2
Event: 1.012 Thread 0x00007f2e00014000 Uncommon trap: reason=bimorphic_or_optimized_type_check action=maybe_recompile pc=0x00007f2dee5a9ef0 method=java.util.HashMap.putVal(ILjava/lang/Object;Ljava/lang/Object;ZZ)Ljava/lang/Object; @ 91 c2
Event: 1.194 Thread 0x00007f2e00014000 Uncommon trap: reason=unstable_if action=reinterpret pc=0x00007f2dee579e7c method=java.math.BigInteger.addOne([IIII)I @ 55 c2
Event: 1.247 Thread 0x00007f2e00014000 Uncommon trap: reason=bimorphic_or_optimized_type_check action=maybe_recompile pc=0x00007f2dee5a9ef0 method=java.util.HashMap.putVal(ILjava/lang/Object;Ljava/lang/Object;ZZ)Ljava/lang/Object; @ 91 c2
Event: 1.429 Thread 0x00007f2e00014000 Uncommon trap: reason=unstable_if action=reinterpret pc=0x00007f2dee5c55e4 method=org.eclipse.jdt.launching.internal.org.objectweb.asm.ByteVector.putInt(I)Lorg/eclipse/jdt/launching/internal/org/objectweb/asm/ByteVector; @ 13 c2

Classes redefined (4 events):
Event: 34.081 Thread 0x00007f2e00151800 redefined class name=software_masters.planner_networking.ClientTest, count=1
Event: 156.833 Thread 0x00007f2e00151800 redefined class name=software_masters.planner_networking.ClientTest, count=2
Event: 177.115 Thread 0x00007f2e00151800 redefined class name=software_masters.planner_networking.ClientTest, count=3
Event: 195.249 Thread 0x00007f2e00151800 redefined class name=software_masters.planner_networking.ClientTest, count=4

Internal exceptions (10 events):
Event: 1.025 Thread 0x00007f2e00014000 Exception <a 'java/lang/NoSuchMethodError'{0x000000008bebd1c0}: java.lang.invoke.DirectMethodHandle$Holder.invokeVirtual(Ljava/lang/Object;Ljava/lang/Object;Ljava/lang/Object;)I> (0x000000008bebd1c0) thrown at [/build/openjdk-lts-Ae5PRQ/openjdk-lts-10.0.2
Event: 1.028 Thread 0x00007f2e00014000 Exception <a 'java/lang/NoSuchMethodError'{0x000000008becbbc0}: java.lang.Object.lambda$accept$0(Lorg/junit/platform/engine/TestDescriptor$Visitor;Lorg/junit/platform/engine/TestDescriptor;)V> (0x000000008becbbc0) thrown at [/build/openjdk-lts-Ae5PRQ/open
Event: 1.032 Thread 0x00007f2e00014000 Exception <a 'java/lang/NoSuchMethodError'{0x000000008bee0e30}: java.lang.invoke.DirectMethodHandle$Holder.invokeInterface(Ljava/lang/Object;Ljava/lang/Object;)V> (0x000000008bee0e30) thrown at [/build/openjdk-lts-Ae5PRQ/openjdk-lts-10.0.2+13/src/hotspot/
Event: 1.033 Thread 0x00007f2e00014000 Exception <a 'java/lang/IncompatibleClassChangeError'{0x000000008bee3af0}: Found class java.lang.Object, but interface was expected> (0x000000008bee3af0) thrown at [/build/openjdk-lts-Ae5PRQ/openjdk-lts-10.0.2+13/src/hotspot/share/interpreter/linkResolver
Event: 1.036 Thread 0x00007f2e00014000 Exception <a 'java/lang/NoSuchMethodError'{0x000000008beef320}: java.lang.Object.containsTests(Lorg/junit/platform/engine/TestDescriptor;)Z> (0x000000008beef320) thrown at [/build/openjdk-lts-Ae5PRQ/openjdk-lts-10.0.2+13/src/hotspot/share/interpreter/link
Event: 1.149 Thread 0x00007f2e00014000 Exception <a 'java/lang/NoSuchMethodError'{0x000000008bbdd3f8}: java.lang.invoke.DirectMethodHandle$Holder.invokeStatic(Ljava/lang/Object;Ljava/lang/Object;Ljava/lang/Object;Ljava/lang/Object;)I> (0x000000008bbdd3f8) thrown at [/build/openjdk-lts-Ae5PRQ/o
Event: 1.168 Thread 0x00007f2e00014000 Exception <a 'java/lang/NoSuchMethodError'{0x000000008bbf8590}: java.lang.invoke.DirectMethodHandle$Holder.invokeInterface(Ljava/lang/Object;Ljava/lang/Object;Ljava/lang/Object;)V> (0x000000008bbf8590) thrown at [/build/openjdk-lts-Ae5PRQ/openjdk-lts-10.0
Event: 1.278 Thread 0x00007f2e00014000 Exception <a 'java/lang/NoSuchMethodError'{0x000000008b5bfb80}: java.lang.Object.lambda$union$3(Ljava/util/regex/Pattern$CharPredicate;I)Z> (0x000000008b5bfb80) thrown at [/build/openjdk-lts-Ae5PRQ/openjdk-lts-10.0.2+13/src/hotspot/share/interpreter/linkR
Event: 1.286 Thread 0x00007f2e00014000 Exception <a 'java/lang/NoSuchMethodError'{0x000000008b5d2308}: method resolution failed> (0x000000008b5d2308) thrown at [/build/openjdk-lts-Ae5PRQ/openjdk-lts-10.0.2+13/src/hotspot/share/prims/methodHandles.cpp, line 1226]
Event: 1.296 Thread 0x00007f2e00014000 Exception <a 'java/lang/NoSuchMethodError'{0x000000008b5ef648}: java.lang.Object.lambda$isEqual$3(Ljava/lang/Object;Ljava/lang/Object;)Z> (0x000000008b5ef648) thrown at [/build/openjdk-lts-Ae5PRQ/openjdk-lts-10.0.2+13/src/hotspot/share/interpreter/linkRes

Events (10 events):
Event: 195.386 Thread 0x00007f2e00177000 flushing nmethod 0x00007f2de71ea490
Event: 195.386 Thread 0x00007f2e00177000 flushing nmethod 0x00007f2de7230110
Event: 195.386 Thread 0x00007f2e00177000 flushing nmethod 0x00007f2de7265e10
Event: 195.404 Executing VM operation: GetFrameCount
Event: 195.404 Executing VM operation: GetFrameCount done
Event: 195.404 Executing VM operation: GetOwnedMonitorInfo
Event: 195.404 Executing VM operation: GetOwnedMonitorInfo done
Event: 195.404 Executing VM operation: GetCurrentContendedMonitor
Event: 195.404 Executing VM operation: GetCurrentContendedMonitor done
Event: 220.607 Executing VM operation: GetOrSetLocal


Dynamic libraries:
84c00000-8c800000 rw-p 00000000 00:00 0 
8c800000-100000000 ---p 00000000 00:00 0 
100000000-1001a0000 rw-p 00000000 00:00 0 
1001a0000-140000000 ---p 00000000 00:00 0 
56082511e000-56082511f000 r-xp 00000000 fd:01 293275                     /usr/lib/jvm/java-11-openjdk-amd64/bin/java
56082531f000-560825320000 r--p 00001000 fd:01 293275                     /usr/lib/jvm/java-11-openjdk-amd64/bin/java
560825320000-560825321000 rw-p 00002000 fd:01 293275                     /usr/lib/jvm/java-11-openjdk-amd64/bin/java
560826894000-5608268b5000 rw-p 00000000 00:00 0                          [heap]
7f2d5c000000-7f2d5c021000 rw-p 00000000 00:00 0 
7f2d5c021000-7f2d60000000 ---p 00000000 00:00 0 
7f2d64000000-7f2d64021000 rw-p 00000000 00:00 0 
7f2d64021000-7f2d68000000 ---p 00000000 00:00 0 
7f2d68000000-7f2d68021000 rw-p 00000000 00:00 0 
7f2d68021000-7f2d6c000000 ---p 00000000 00:00 0 
7f2d6c000000-7f2d6c021000 rw-p 00000000 00:00 0 
7f2d6c021000-7f2d70000000 ---p 00000000 00:00 0 
7f2d70000000-7f2d70021000 rw-p 00000000 00:00 0 
7f2d70021000-7f2d74000000 ---p 00000000 00:00 0 
7f2d77100000-7f2d77104000 ---p 00000000 00:00 0 
7f2d77104000-7f2d77201000 rw-p 00000000 00:00 0 
7f2d77201000-7f2d77202000 r-xp 00000000 fd:01 293360                     /usr/lib/jvm/java-11-openjdk-amd64/lib/librmi.so
7f2d77202000-7f2d77401000 ---p 00001000 fd:01 293360                     /usr/lib/jvm/java-11-openjdk-amd64/lib/librmi.so
7f2d77401000-7f2d77402000 r--p 00000000 fd:01 293360                     /usr/lib/jvm/java-11-openjdk-amd64/lib/librmi.so
7f2d77402000-7f2d77403000 rw-p 00001000 fd:01 293360                     /usr/lib/jvm/java-11-openjdk-amd64/lib/librmi.so
7f2d77403000-7f2d77407000 ---p 00000000 00:00 0 
7f2d77407000-7f2d77504000 rw-p 00000000 00:00 0 
7f2d77504000-7f2d77508000 ---p 00000000 00:00 0 
7f2d77508000-7f2d77605000 rw-p 00000000 00:00 0 
7f2d77605000-7f2d77609000 ---p 00000000 00:00 0 
7f2d77609000-7f2d77706000 rw-p 00000000 00:00 0 
7f2d77c00000-7f2d77d80000 rw-p 00000000 00:00 0 
7f2d77d80000-7f2d77e00000 ---p 00000000 00:00 0 
7f2d77e00000-7f2d78000000 rw-p 00000000 00:00 0 
7f2d78000000-7f2d78021000 rw-p 00000000 00:00 0 
7f2d78021000-7f2d7c000000 ---p 00000000 00:00 0 
7f2d7c000000-7f2d7c021000 rw-p 00000000 00:00 0 
7f2d7c021000-7f2d80000000 ---p 00000000 00:00 0 
7f2d80000000-7f2d80021000 rw-p 00000000 00:00 0 
7f2d80021000-7f2d84000000 ---p 00000000 00:00 0 
7f2d84000000-7f2d84021000 rw-p 00000000 00:00 0 
7f2d84021000-7f2d88000000 ---p 00000000 00:00 0 
7f2d88000000-7f2d88040000 rw-p 00000000 00:00 0 
7f2d88040000-7f2d8c000000 ---p 00000000 00:00 0 
7f2d8c000000-7f2d8c021000 rw-p 00000000 00:00 0 
7f2d8c021000-7f2d90000000 ---p 00000000 00:00 0 
7f2d90000000-7f2d9083e000 rw-p 00000000 00:00 0 
7f2d9083e000-7f2d94000000 ---p 00000000 00:00 0 
7f2d94000000-7f2d94021000 rw-p 00000000 00:00 0 
7f2d94021000-7f2d98000000 ---p 00000000 00:00 0 
7f2d98000000-7f2d995de000 rw-p 00000000 00:00 0 
7f2d995de000-7f2d9c000000 ---p 00000000 00:00 0 
7f2d9c000000-7f2d9d324000 rw-p 00000000 00:00 0 
7f2d9d324000-7f2da0000000 ---p 00000000 00:00 0 
7f2da0000000-7f2da0021000 rw-p 00000000 00:00 0 
7f2da0021000-7f2da4000000 ---p 00000000 00:00 0 
7f2da4000000-7f2da4021000 rw-p 00000000 00:00 0 
7f2da4021000-7f2da8000000 ---p 00000000 00:00 0 
7f2da8000000-7f2da808b000 rw-p 00000000 00:00 0 
7f2da808b000-7f2dac000000 ---p 00000000 00:00 0 
7f2dac000000-7f2dac021000 rw-p 00000000 00:00 0 
7f2dac021000-7f2db0000000 ---p 00000000 00:00 0 
7f2db0000000-7f2db0021000 rw-p 00000000 00:00 0 
7f2db0021000-7f2db4000000 ---p 00000000 00:00 0 
7f2db4000000-7f2db4021000 rw-p 00000000 00:00 0 
7f2db4021000-7f2db8000000 ---p 00000000 00:00 0 
7f2db8000000-7f2db8021000 rw-p 00000000 00:00 0 
7f2db8021000-7f2dbc000000 ---p 00000000 00:00 0 
7f2dbc000000-7f2dbc021000 rw-p 00000000 00:00 0 
7f2dbc021000-7f2dc0000000 ---p 00000000 00:00 0 
7f2dc0000000-7f2dc0021000 rw-p 00000000 00:00 0 
7f2dc0021000-7f2dc4000000 ---p 00000000 00:00 0 
7f2dc4000000-7f2dc4021000 rw-p 00000000 00:00 0 
7f2dc4021000-7f2dc8000000 ---p 00000000 00:00 0 
7f2dc808c000-7f2dc8090000 ---p 00000000 00:00 0 
7f2dc8090000-7f2dc818d000 rw-p 00000000 00:00 0 
7f2dc818d000-7f2dc818e000 r-xp 00000000 fd:01 293338                     /usr/lib/jvm/java-11-openjdk-amd64/lib/libextnet.so
7f2dc818e000-7f2dc838d000 ---p 00001000 fd:01 293338                     /usr/lib/jvm/java-11-openjdk-amd64/lib/libextnet.so
7f2dc838d000-7f2dc838e000 r--p 00000000 fd:01 293338                     /usr/lib/jvm/java-11-openjdk-amd64/lib/libextnet.so
7f2dc838e000-7f2dc838f000 rw-p 00001000 fd:01 293338                     /usr/lib/jvm/java-11-openjdk-amd64/lib/libextnet.so
7f2dc838f000-7f2dc858f000 rw-p 00000000 00:00 0 
7f2dc858f000-7f2dc8590000 ---p 00000000 00:00 0 
7f2dc8590000-7f2dc8691000 rw-p 00000000 00:00 0 
7f2dc8691000-7f2dc8695000 ---p 00000000 00:00 0 
7f2dc8695000-7f2dc8792000 rw-p 00000000 00:00 0 
7f2dc8792000-7f2dc87a9000 r-xp 00000000 fd:01 293357                     /usr/lib/jvm/java-11-openjdk-amd64/lib/libnet.so
7f2dc87a9000-7f2dc89a8000 ---p 00017000 fd:01 293357                     /usr/lib/jvm/java-11-openjdk-amd64/lib/libnet.so
7f2dc89a8000-7f2dc89a9000 r--p 00016000 fd:01 293357                     /usr/lib/jvm/java-11-openjdk-amd64/lib/libnet.so
7f2dc89a9000-7f2dc89aa000 rw-p 00017000 fd:01 293357                     /usr/lib/jvm/java-11-openjdk-amd64/lib/libnet.so
7f2dc89aa000-7f2dc89bb000 r-xp 00000000 fd:01 293358                     /usr/lib/jvm/java-11-openjdk-amd64/lib/libnio.so
7f2dc89bb000-7f2dc8bba000 ---p 00011000 fd:01 293358                     /usr/lib/jvm/java-11-openjdk-amd64/lib/libnio.so
7f2dc8bba000-7f2dc8bbb000 r--p 00010000 fd:01 293358                     /usr/lib/jvm/java-11-openjdk-amd64/lib/libnio.so
7f2dc8bbb000-7f2dc8bbc000 rw-p 00011000 fd:01 293358                     /usr/lib/jvm/java-11-openjdk-amd64/lib/libnio.so
7f2dc8bbc000-7f2dc8bc0000 ---p 00000000 00:00 0 
7f2dc8bc0000-7f2dc8cbd000 rw-p 00000000 00:00 0 
7f2dc8cbd000-7f2dc8cc1000 ---p 00000000 00:00 0 
7f2dc8cc1000-7f2dc8dbe000 rw-p 00000000 00:00 0 
7f2dc8dbe000-7f2dc8dc2000 ---p 00000000 00:00 0 
7f2dc8dc2000-7f2dc8ebf000 rw-p 00000000 00:00 0 
7f2dc8ebf000-7f2dc8ec3000 ---p 00000000 00:00 0 
7f2dc8ec3000-7f2dc8fc0000 rw-p 00000000 00:00 0 
7f2dc8ff4000-7f2dc8ff9000 r-xp 00000000 fd:01 293337                     /usr/lib/jvm/java-11-openjdk-amd64/lib/libdt_socket.so
7f2dc8ff9000-7f2dc91f8000 ---p 00005000 fd:01 293337                     /usr/lib/jvm/java-11-openjdk-amd64/lib/libdt_socket.so
7f2dc91f8000-7f2dc91f9000 r--p 00004000 fd:01 293337                     /usr/lib/jvm/java-11-openjdk-amd64/lib/libdt_socket.so
7f2dc91f9000-7f2dc91fa000 rw-p 00005000 fd:01 293337                     /usr/lib/jvm/java-11-openjdk-amd64/lib/libdt_socket.so
7f2dc922d000-7f2dc9231000 ---p 00000000 00:00 0 
7f2dc9231000-7f2dc932e000 rw-p 00000000 00:00 0 
7f2dc932e000-7f2dc9332000 ---p 00000000 00:00 0 
7f2dc9332000-7f2dc942f000 rw-p 00000000 00:00 0 
7f2dc942f000-7f2dc9433000 ---p 00000000 00:00 0 
7f2dc9433000-7f2dc9530000 rw-p 00000000 00:00 0 
7f2dc9530000-7f2dc9534000 ---p 00000000 00:00 0 
7f2dc9534000-7f2dc9631000 rw-p 00000000 00:00 0 
7f2dc9631000-7f2dca000000 r--p 00000000 fd:01 138032                     /usr/lib/locale/locale-archive
7f2dca000000-7f2dcc000000 rw-p 00000000 00:00 0 
7f2dcc000000-7f2dcc021000 rw-p 00000000 00:00 0 
7f2dcc021000-7f2dd0000000 ---p 00000000 00:00 0 
7f2dd0000000-7f2dd0021000 rw-p 00000000 00:00 0 
7f2dd0021000-7f2dd4000000 ---p 00000000 00:00 0 
7f2dd405e000-7f2dd4062000 ---p 00000000 00:00 0 
7f2dd4062000-7f2dd415f000 rw-p 00000000 00:00 0 
7f2dd415f000-7f2dd4163000 ---p 00000000 00:00 0 
7f2dd4163000-7f2dd4450000 rw-p 00000000 00:00 0 
7f2dd4450000-7f2dd6130000 ---p 00000000 00:00 0 
7f2dd6130000-7f2dd6320000 rw-p 00000000 00:00 0 
7f2dd6320000-7f2dd8000000 ---p 00000000 00:00 0 
7f2dd8000000-7f2dd8021000 rw-p 00000000 00:00 0 
7f2dd8021000-7f2ddc000000 ---p 00000000 00:00 0 
7f2ddc000000-7f2ddc021000 rw-p 00000000 00:00 0 
7f2ddc021000-7f2de0000000 ---p 00000000 00:00 0 
7f2de0000000-7f2de0021000 rw-p 00000000 00:00 0 
7f2de0021000-7f2de4000000 ---p 00000000 00:00 0 
7f2de4007000-7f2de400b000 ---p 00000000 00:00 0 
7f2de400b000-7f2de4108000 rw-p 00000000 00:00 0 
7f2de4108000-7f2de4109000 ---p 00000000 00:00 0 
7f2de4109000-7f2de4a0a000 rw-p 00000000 00:00 0 
7f2de4a0a000-7f2de4a0b000 ---p 00000000 00:00 0 
7f2de4a0b000-7f2de4b0c000 rw-p 00000000 00:00 0 
7f2de4b0c000-7f2de4b0d000 ---p 00000000 00:00 0 
7f2de4b0d000-7f2de4c0e000 rw-p 00000000 00:00 0 
7f2de4c0e000-7f2de4c0f000 ---p 00000000 00:00 0 
7f2de4c0f000-7f2de4d10000 rw-p 00000000 00:00 0 
7f2de4d10000-7f2de4d11000 ---p 00000000 00:00 0 
7f2de4d11000-7f2de4e12000 rw-p 00000000 00:00 0 
7f2de4e12000-7f2de4e13000 ---p 00000000 00:00 0 
7f2de4e13000-7f2de5318000 rw-p 00000000 00:00 0 
7f2de5318000-7f2de5319000 ---p 00000000 00:00 0 
7f2de5319000-7f2de541a000 rw-p 00000000 00:00 0 
7f2de541a000-7f2de541b000 ---p 00000000 00:00 0 
7f2de541b000-7f2de555a000 rw-p 00000000 00:00 0 
7f2de555a000-7f2de58f6000 ---p 00000000 00:00 0 
7f2de58f6000-7f2de5934000 rw-p 00000000 00:00 0 
7f2de5934000-7f2de5cd0000 ---p 00000000 00:00 0 
7f2de5cd0000-7f2de5d0e000 rw-p 00000000 00:00 0 
7f2de5d0e000-7f2de60aa000 ---p 00000000 00:00 0 
7f2de60aa000-7f2de64ae000 rw-p 00000000 00:00 0 
7f2de64ae000-7f2de64af000 ---p 00000000 00:00 0 
7f2de64af000-7f2de65b0000 rw-p 00000000 00:00 0 
7f2de65b0000-7f2de65b1000 ---p 00000000 00:00 0 
7f2de65b1000-7f2de66b2000 rw-p 00000000 00:00 0 
7f2de66b2000-7f2de66b3000 ---p 00000000 00:00 0 
7f2de66b3000-7f2de67b4000 rw-p 00000000 00:00 0 
7f2de67b4000-7f2de67b5000 ---p 00000000 00:00 0 
7f2de67b5000-7f2de68bb000 rw-p 00000000 00:00 0 
7f2de68bb000-7f2de69a1000 ---p 00000000 00:00 0 
7f2de69a1000-7f2de69a7000 rw-p 00000000 00:00 0 
7f2de69a7000-7f2de6a8c000 ---p 00000000 00:00 0 
7f2de6a8c000-7f2de6cfc000 rwxp 00000000 00:00 0 
7f2de6cfc000-7f2de701c000 ---p 00000000 00:00 0 
7f2de701c000-7f2de731c000 rwxp 00000000 00:00 0 
7f2de731c000-7f2dee554000 ---p 00000000 00:00 0 
7f2dee554000-7f2dee7c4000 rwxp 00000000 00:00 0 
7f2dee7c4000-7f2df5a8c000 ---p 00000000 00:00 0 
7f2df5a8c000-7f2dfef67000 r--s 00000000 fd:01 293367                     /usr/lib/jvm/java-11-openjdk-amd64/lib/modules
7f2dfef67000-7f2dfef6c000 r-xp 00000000 fd:01 293349                     /usr/lib/jvm/java-11-openjdk-amd64/lib/libjimage.so
7f2dfef6c000-7f2dff16b000 ---p 00005000 fd:01 293349                     /usr/lib/jvm/java-11-openjdk-amd64/lib/libjimage.so
7f2dff16b000-7f2dff16c000 r--p 00004000 fd:01 293349                     /usr/lib/jvm/java-11-openjdk-amd64/lib/libjimage.so
7f2dff16c000-7f2dff16d000 rw-p 00005000 fd:01 293349                     /usr/lib/jvm/java-11-openjdk-amd64/lib/libjimage.so
7f2dff16d000-7f2dff174000 r-xp 00000000 fd:01 293366                     /usr/lib/jvm/java-11-openjdk-amd64/lib/libzip.so
7f2dff174000-7f2dff373000 ---p 00007000 fd:01 293366                     /usr/lib/jvm/java-11-openjdk-amd64/lib/libzip.so
7f2dff373000-7f2dff374000 r--p 00006000 fd:01 293366                     /usr/lib/jvm/java-11-openjdk-amd64/lib/libzip.so
7f2dff374000-7f2dff375000 rw-p 00007000 fd:01 293366                     /usr/lib/jvm/java-11-openjdk-amd64/lib/libzip.so
7f2dff375000-7f2dff380000 r-xp 00000000 fd:01 268845                     /lib/x86_64-linux-gnu/libnss_files-2.27.so
7f2dff380000-7f2dff57f000 ---p 0000b000 fd:01 268845                     /lib/x86_64-linux-gnu/libnss_files-2.27.so
7f2dff57f000-7f2dff580000 r--p 0000a000 fd:01 268845                     /lib/x86_64-linux-gnu/libnss_files-2.27.so
7f2dff580000-7f2dff581000 rw-p 0000b000 fd:01 268845                     /lib/x86_64-linux-gnu/libnss_files-2.27.so
7f2dff581000-7f2dff587000 rw-p 00000000 00:00 0 
7f2dff587000-7f2dff59e000 r-xp 00000000 fd:01 268839                     /lib/x86_64-linux-gnu/libnsl-2.27.so
7f2dff59e000-7f2dff79d000 ---p 00017000 fd:01 268839                     /lib/x86_64-linux-gnu/libnsl-2.27.so
7f2dff79d000-7f2dff79e000 r--p 00016000 fd:01 268839                     /lib/x86_64-linux-gnu/libnsl-2.27.so
7f2dff79e000-7f2dff79f000 rw-p 00017000 fd:01 268839                     /lib/x86_64-linux-gnu/libnsl-2.27.so
7f2dff79f000-7f2dff7a1000 rw-p 00000000 00:00 0 
7f2dff7a1000-7f2dff7ac000 r-xp 00000000 fd:01 268856                     /lib/x86_64-linux-gnu/libnss_nis-2.27.so
7f2dff7ac000-7f2dff9ab000 ---p 0000b000 fd:01 268856                     /lib/x86_64-linux-gnu/libnss_nis-2.27.so
7f2dff9ab000-7f2dff9ac000 r--p 0000a000 fd:01 268856                     /lib/x86_64-linux-gnu/libnss_nis-2.27.so
7f2dff9ac000-7f2dff9ad000 rw-p 0000b000 fd:01 268856                     /lib/x86_64-linux-gnu/libnss_nis-2.27.so
7f2dff9ad000-7f2dff9b5000 r-xp 00000000 fd:01 268841                     /lib/x86_64-linux-gnu/libnss_compat-2.27.so
7f2dff9b5000-7f2dffbb5000 ---p 00008000 fd:01 268841                     /lib/x86_64-linux-gnu/libnss_compat-2.27.so
7f2dffbb5000-7f2dffbb6000 r--p 00008000 fd:01 268841                     /lib/x86_64-linux-gnu/libnss_compat-2.27.so
7f2dffbb6000-7f2dffbb7000 rw-p 00009000 fd:01 268841                     /lib/x86_64-linux-gnu/libnss_compat-2.27.so
7f2dffbb7000-7f2dffbc1000 r-xp 00000000 fd:01 293340                     /usr/lib/jvm/java-11-openjdk-amd64/lib/libinstrument.so
7f2dffbc1000-7f2dffdc0000 ---p 0000a000 fd:01 293340                     /usr/lib/jvm/java-11-openjdk-amd64/lib/libinstrument.so
7f2dffdc0000-7f2dffdc1000 r--p 00009000 fd:01 293340                     /usr/lib/jvm/java-11-openjdk-amd64/lib/libinstrument.so
7f2dffdc1000-7f2dffdc2000 rw-p 0000a000 fd:01 293340                     /usr/lib/jvm/java-11-openjdk-amd64/lib/libinstrument.so
7f2dffdc2000-7f2dffdff000 r-xp 00000000 fd:01 293348                     /usr/lib/jvm/java-11-openjdk-amd64/lib/libjdwp.so
7f2dffdff000-7f2dffffe000 ---p 0003d000 fd:01 293348                     /usr/lib/jvm/java-11-openjdk-amd64/lib/libjdwp.so
7f2dffffe000-7f2dfffff000 r--p 0003c000 fd:01 293348                     /usr/lib/jvm/java-11-openjdk-amd64/lib/libjdwp.so
7f2dfffff000-7f2e00000000 rw-p 0003d000 fd:01 293348                     /usr/lib/jvm/java-11-openjdk-amd64/lib/libjdwp.so
7f2e00000000-7f2e006e2000 rw-p 00000000 00:00 0 
7f2e006e2000-7f2e04000000 ---p 00000000 00:00 0 
7f2e04000000-7f2e040d1000 rw-p 00000000 00:00 0 
7f2e040d1000-7f2e040fd000 r-xp 00000000 fd:01 293345                     /usr/lib/jvm/java-11-openjdk-amd64/lib/libjava.so
7f2e040fd000-7f2e042fc000 ---p 0002c000 fd:01 293345                     /usr/lib/jvm/java-11-openjdk-amd64/lib/libjava.so
7f2e042fc000-7f2e042fd000 r--p 0002b000 fd:01 293345                     /usr/lib/jvm/java-11-openjdk-amd64/lib/libjava.so
7f2e042fd000-7f2e042ff000 rw-p 0002c000 fd:01 293345                     /usr/lib/jvm/java-11-openjdk-amd64/lib/libjava.so
7f2e042ff000-7f2e0430c000 r-xp 00000000 fd:01 293365                     /usr/lib/jvm/java-11-openjdk-amd64/lib/libverify.so
7f2e0430c000-7f2e0450b000 ---p 0000d000 fd:01 293365                     /usr/lib/jvm/java-11-openjdk-amd64/lib/libverify.so
7f2e0450b000-7f2e0450d000 r--p 0000c000 fd:01 293365                     /usr/lib/jvm/java-11-openjdk-amd64/lib/libverify.so
7f2e0450d000-7f2e0450e000 rw-p 0000e000 fd:01 293365                     /usr/lib/jvm/java-11-openjdk-amd64/lib/libverify.so
7f2e0450e000-7f2e04515000 r-xp 00000000 fd:01 268896                     /lib/x86_64-linux-gnu/librt-2.27.so
7f2e04515000-7f2e04714000 ---p 00007000 fd:01 268896                     /lib/x86_64-linux-gnu/librt-2.27.so
7f2e04714000-7f2e04715000 r--p 00006000 fd:01 268896                     /lib/x86_64-linux-gnu/librt-2.27.so
7f2e04715000-7f2e04716000 rw-p 00007000 fd:01 268896                     /lib/x86_64-linux-gnu/librt-2.27.so
7f2e04716000-7f2e0472d000 r-xp 00000000 fd:01 268303                     /lib/x86_64-linux-gnu/libgcc_s.so.1
7f2e0472d000-7f2e0492c000 ---p 00017000 fd:01 268303                     /lib/x86_64-linux-gnu/libgcc_s.so.1
7f2e0492c000-7f2e0492d000 r--p 00016000 fd:01 268303                     /lib/x86_64-linux-gnu/libgcc_s.so.1
7f2e0492d000-7f2e0492e000 rw-p 00017000 fd:01 268303                     /lib/x86_64-linux-gnu/libgcc_s.so.1
7f2e0492e000-7f2e04acb000 r-xp 00000000 fd:01 268818                     /lib/x86_64-linux-gnu/libm-2.27.so
7f2e04acb000-7f2e04cca000 ---p 0019d000 fd:01 268818                     /lib/x86_64-linux-gnu/libm-2.27.so
7f2e04cca000-7f2e04ccb000 r--p 0019c000 fd:01 268818                     /lib/x86_64-linux-gnu/libm-2.27.so
7f2e04ccb000-7f2e04ccc000 rw-p 0019d000 fd:01 268818                     /lib/x86_64-linux-gnu/libm-2.27.so
7f2e04ccc000-7f2e04e45000 r-xp 00000000 fd:01 131169                     /usr/lib/x86_64-linux-gnu/libstdc++.so.6.0.25
7f2e04e45000-7f2e05045000 ---p 00179000 fd:01 131169                     /usr/lib/x86_64-linux-gnu/libstdc++.so.6.0.25
7f2e05045000-7f2e0504f000 r--p 00179000 fd:01 131169                     /usr/lib/x86_64-linux-gnu/libstdc++.so.6.0.25
7f2e0504f000-7f2e05051000 rw-p 00183000 fd:01 131169                     /usr/lib/x86_64-linux-gnu/libstdc++.so.6.0.25
7f2e05051000-7f2e05055000 rw-p 00000000 00:00 0 
7f2e05055000-7f2e05ff2000 r-xp 00000000 fd:01 293372                     /usr/lib/jvm/java-11-openjdk-amd64/lib/server/libjvm.so
7f2e05ff2000-7f2e061f2000 ---p 00f9d000 fd:01 293372                     /usr/lib/jvm/java-11-openjdk-amd64/lib/server/libjvm.so
7f2e061f2000-7f2e062b6000 r--p 00f9d000 fd:01 293372                     /usr/lib/jvm/java-11-openjdk-amd64/lib/server/libjvm.so
7f2e062b6000-7f2e062ee000 rw-p 01061000 fd:01 293372                     /usr/lib/jvm/java-11-openjdk-amd64/lib/server/libjvm.so
7f2e062ee000-7f2e06337000 rw-p 00000000 00:00 0 
7f2e06337000-7f2e06351000 r-xp 00000000 fd:01 268888                     /lib/x86_64-linux-gnu/libpthread-2.27.so
7f2e06351000-7f2e06550000 ---p 0001a000 fd:01 268888                     /lib/x86_64-linux-gnu/libpthread-2.27.so
7f2e06550000-7f2e06551000 r--p 00019000 fd:01 268888                     /lib/x86_64-linux-gnu/libpthread-2.27.so
7f2e06551000-7f2e06552000 rw-p 0001a000 fd:01 268888                     /lib/x86_64-linux-gnu/libpthread-2.27.so
7f2e06552000-7f2e06556000 rw-p 00000000 00:00 0 
7f2e06556000-7f2e06559000 r-xp 00000000 fd:01 268778                     /lib/x86_64-linux-gnu/libdl-2.27.so
7f2e06559000-7f2e06758000 ---p 00003000 fd:01 268778                     /lib/x86_64-linux-gnu/libdl-2.27.so
7f2e06758000-7f2e06759000 r--p 00002000 fd:01 268778                     /lib/x86_64-linux-gnu/libdl-2.27.so
7f2e06759000-7f2e0675a000 rw-p 00003000 fd:01 268778                     /lib/x86_64-linux-gnu/libdl-2.27.so
7f2e0675a000-7f2e06776000 r-xp 00000000 fd:01 268927                     /lib/x86_64-linux-gnu/libz.so.1.2.11
7f2e06776000-7f2e06975000 ---p 0001c000 fd:01 268927                     /lib/x86_64-linux-gnu/libz.so.1.2.11
7f2e06975000-7f2e06976000 r--p 0001b000 fd:01 268927                     /lib/x86_64-linux-gnu/libz.so.1.2.11
7f2e06976000-7f2e06977000 rw-p 0001c000 fd:01 268927                     /lib/x86_64-linux-gnu/libz.so.1.2.11
7f2e06977000-7f2e06b5e000 r-xp 00000000 fd:01 268755                     /lib/x86_64-linux-gnu/libc-2.27.so
7f2e06b5e000-7f2e06d5e000 ---p 001e7000 fd:01 268755                     /lib/x86_64-linux-gnu/libc-2.27.so
7f2e06d5e000-7f2e06d62000 r--p 001e7000 fd:01 268755                     /lib/x86_64-linux-gnu/libc-2.27.so
7f2e06d62000-7f2e06d64000 rw-p 001eb000 fd:01 268755                     /lib/x86_64-linux-gnu/libc-2.27.so
7f2e06d64000-7f2e06d68000 rw-p 00000000 00:00 0 
7f2e06d68000-7f2e06d77000 r-xp 00000000 fd:01 293330                     /usr/lib/jvm/java-11-openjdk-amd64/lib/jli/libjli.so
7f2e06d77000-7f2e06f76000 ---p 0000f000 fd:01 293330                     /usr/lib/jvm/java-11-openjdk-amd64/lib/jli/libjli.so
7f2e06f76000-7f2e06f77000 r--p 0000e000 fd:01 293330                     /usr/lib/jvm/java-11-openjdk-amd64/lib/jli/libjli.so
7f2e06f77000-7f2e06f78000 rw-p 0000f000 fd:01 293330                     /usr/lib/jvm/java-11-openjdk-amd64/lib/jli/libjli.so
7f2e06f78000-7f2e06f9f000 r-xp 00000000 fd:01 268727                     /lib/x86_64-linux-gnu/ld-2.27.so
7f2e06fbe000-7f2e06fc5000 r--s 00000000 fd:01 399454                     /usr/lib/x86_64-linux-gnu/gconv/gconv-modules.cache
7f2e06fc5000-7f2e07083000 rw-p 00000000 00:00 0 
7f2e07083000-7f2e07087000 ---p 00000000 00:00 0 
7f2e07087000-7f2e07187000 rw-p 00000000 00:00 0 
7f2e07187000-7f2e0718c000 rw-p 00000000 00:00 0 
7f2e0718c000-7f2e07193000 ---p 00000000 00:00 0 
7f2e07193000-7f2e0719b000 rw-s 00000000 fd:01 395812                     /tmp/hsperfdata_wesley/10317
7f2e0719b000-7f2e0719c000 ---p 00000000 00:00 0 
7f2e0719c000-7f2e0719d000 r--p 00000000 00:00 0 
7f2e0719d000-7f2e0719f000 rw-p 00000000 00:00 0 
7f2e0719f000-7f2e071a0000 r--p 00027000 fd:01 268727                     /lib/x86_64-linux-gnu/ld-2.27.so
7f2e071a0000-7f2e071a1000 rw-p 00028000 fd:01 268727                     /lib/x86_64-linux-gnu/ld-2.27.so
7f2e071a1000-7f2e071a2000 rw-p 00000000 00:00 0 
7ffd33d3d000-7ffd33d5f000 rw-p 00000000 00:00 0                          [stack]
7ffd33df6000-7ffd33df9000 r--p 00000000 00:00 0                          [vvar]
7ffd33df9000-7ffd33dfb000 r-xp 00000000 00:00 0                          [vdso]
ffffffffff600000-ffffffffff601000 r-xp 00000000 00:00 0                  [vsyscall]


VM Arguments:
jvm_args: -agentlib:jdwp=transport=dt_socket,suspend=y,address=localhost:46021 -ea -javaagent:/home/wesley/.eclipse/360744347_linux_gtk_x86_64/configuration/org.eclipse.osgi/232/0/.cp/lib/javaagent-shaded.jar -Dfile.encoding=UTF-8 
java_command: org.eclipse.jdt.internal.junit.runner.RemoteTestRunner -version 3 -port 43409 -testLoaderClass org.eclipse.jdt.internal.junit5.runner.JUnit5TestLoader -loaderpluginname org.eclipse.jdt.junit5.runtime -classNames software_masters.planner_networking.ClientTest
java_class_path (initial): /media/wesley/4a719698-57f3-46d7-a2fb-6bf784b04eba/git/Sprint2/planner_networking/target/test-classes:/media/wesley/4a719698-57f3-46d7-a2fb-6bf784b04eba/git/Sprint2/planner_networking/target/classes:/snap/eclipse/29/plugins/org.junit.jupiter.api_5.1.0.v20180327-1502.jar:/snap/eclipse/29/plugins/org.junit.jupiter.engine_5.1.0.v20180327-1502.jar:/snap/eclipse/29/plugins/org.junit.jupiter.migrationsupport_5.1.0.v20180327-1502.jar:/snap/eclipse/29/plugins/org.junit.jupiter.params_5.1.0.v20180327-1502.jar:/snap/eclipse/29/plugins/org.junit.platform.commons_1.1.0.v20180327-1502.jar:/snap/eclipse/29/plugins/org.junit.platform.engine_1.1.0.v20180327-1502.jar:/snap/eclipse/29/plugins/org.junit.platform.launcher_1.1.0.v20180327-1502.jar:/snap/eclipse/29/plugins/org.junit.platform.runner_1.1.0.v20180327-1502.jar:/snap/eclipse/29/plugins/org.junit.platform.suite.api_1.1.0.v20180327-1502.jar:/snap/eclipse/29/plugins/org.junit.vintage.engine_5.1.0.v20180327-1502.jar:/snap/eclipse/29/plugins/org.opentest4j_1.0.0.v20180327-1502.jar:/snap/eclipse/29/plugins/org.apiguardian_1.0.0.v20180327-1502.jar:/snap/eclipse/29/plugins/org.junit_4.12.0.v201504281640/junit.jar:/snap/eclipse/29/plugins/org.hamcrest.core_1.3.0.v20180420-1519.jar:/home/wesley/.m2/repository/junit/junit/3.8.1/junit-3.8.1.jar:/home/wesley/.eclipse/360744347_linux_gtk_x86_64/configuration/org.eclipse.osgi/231/0/.cp:/home/wesley/.eclipse/360744347_linux_gtk_x86_64/configuration/org.eclipse.osgi/229/0/.cp
Launcher Type: SUN_STANDARD

Logging:
Log output configuration:
#0: stdout all=warning uptime,level,tags
#1: stderr all=off uptime,level,tags

Environment Variables:
PATH=/usr/local/sbin:/usr/local/bin:/usr/sbin:/usr/bin:/sbin:/bin:/usr/games:/usr/local/games:/snap/bin
USERNAME=wesley
SHELL=/bin/bash
DISPLAY=:0

Signal Handlers:
SIGSEGV: [libjvm.so+0xd28b70], sa_mask[0]=11111111011111111101111111111110, sa_flags=SA_RESTART|SA_SIGINFO
SIGBUS: [libjvm.so+0xd28b70], sa_mask[0]=11111111011111111101111111111110, sa_flags=SA_RESTART|SA_SIGINFO
SIGFPE: [libjvm.so+0xd28b70], sa_mask[0]=11111111011111111101111111111110, sa_flags=SA_RESTART|SA_SIGINFO
SIGPIPE: [libjvm.so+0xb2a1f0], sa_mask[0]=11111111011111111101111111111110, sa_flags=SA_RESTART|SA_SIGINFO
SIGXFSZ: [libjvm.so+0xb2a1f0], sa_mask[0]=11111111011111111101111111111110, sa_flags=SA_RESTART|SA_SIGINFO
SIGILL: [libjvm.so+0xd28b70], sa_mask[0]=11111111011111111101111111111110, sa_flags=SA_RESTART|SA_SIGINFO
SIGUSR2: [libjvm.so+0xb2a030], sa_mask[0]=00100000000000000000000000000000, sa_flags=SA_RESTART|SA_SIGINFO
SIGHUP: [libjvm.so+0xb2a180], sa_mask[0]=11111111011111111101111111111110, sa_flags=SA_RESTART|SA_SIGINFO
SIGINT: [libjvm.so+0xb2a180], sa_mask[0]=11111111011111111101111111111110, sa_flags=SA_RESTART|SA_SIGINFO
SIGTERM: [libjvm.so+0xb2a180], sa_mask[0]=11111111011111111101111111111110, sa_flags=SA_RESTART|SA_SIGINFO
SIGQUIT: [libjvm.so+0xb2a180], sa_mask[0]=11111111011111111101111111111110, sa_flags=SA_RESTART|SA_SIGINFO


---------------  S Y S T E M  ---------------

OS:DISTRIB_ID=Ubuntu
DISTRIB_RELEASE=18.04
DISTRIB_CODENAME=bionic
DISTRIB_DESCRIPTION="Ubuntu 18.04.2 LTS"
uname:Linux 4.15.0-46-generic #49-Ubuntu SMP Wed Feb 6 09:33:07 UTC 2019 x86_64
libc:glibc 2.27 NPTL 2.27 
rlimit: STACK 8192k, CORE 0k, NPROC 31011, NOFILE 1048576, AS infinity, DATA infinity, FSIZE infinity
load average:0.94 0.74 0.62

/proc/meminfo:
MemTotal:        8076860 kB
MemFree:         3038836 kB
MemAvailable:    4419752 kB
Buffers:          238232 kB
Cached:          1848024 kB
SwapCached:            0 kB
Active:          3342632 kB
Inactive:        1377504 kB
Active(anon):    2635640 kB
Inactive(anon):   533344 kB
Active(file):     706992 kB
Inactive(file):   844160 kB
Unevictable:         128 kB
Mlocked:             128 kB
SwapTotal:        999420 kB
SwapFree:         999420 kB
Dirty:               164 kB
Writeback:             0 kB
AnonPages:       2634292 kB
Mapped:           787372 kB
Shmem:            534864 kB
Slab:             162976 kB
SReclaimable:      98068 kB
SUnreclaim:        64908 kB
KernelStack:       15536 kB
PageTables:        64704 kB
NFS_Unstable:          0 kB
Bounce:                0 kB
WritebackTmp:          0 kB
CommitLimit:     5037848 kB
Committed_AS:    9664212 kB
VmallocTotal:   34359738367 kB
VmallocUsed:           0 kB
VmallocChunk:          0 kB
HardwareCorrupted:     0 kB
AnonHugePages:         0 kB
ShmemHugePages:        0 kB
ShmemPmdMapped:        0 kB
CmaTotal:              0 kB
CmaFree:               0 kB
HugePages_Total:       0
HugePages_Free:        0
HugePages_Rsvd:        0
HugePages_Surp:        0
Hugepagesize:       2048 kB
DirectMap4k:      251508 kB
DirectMap2M:     8046592 kB
DirectMap1G:     1048576 kB

container (cgroup) information:
container_type: cgroupv1
cpu_cpuset_cpus: 0-3
cpu_memory_nodes: 0
active_processor_count: 4
cpu_quota: -1
cpu_period: 100000
cpu_shares: -1
memory_limit_in_bytes: -1
memory_and_swap_limit_in_bytes: -2
memory_soft_limit_in_bytes: -1
memory_usage_in_bytes: 4833792000
memory_max_usage_in_bytes: 0


CPU:total 4 (initial active 4) (2 cores per cpu, 2 threads per core) family 6 model 69 stepping 1, cmov, cx8, fxsr, mmx, sse, sse2, sse3, ssse3, sse4.1, sse4.2, popcnt, avx, avx2, aes, clmul, erms, lzcnt, ht, tsc, tscinvbit, bmi1, bmi2, fma
CPU Model and flags from /proc/cpuinfo:
model name	: Intel(R) Core(TM) i7-4500U CPU @ 1.80GHz
flags		: fpu vme de pse tsc msr pae mce cx8 apic sep mtrr pge mca cmov pat pse36 clflush dts acpi mmx fxsr sse sse2 ss ht tm pbe syscall nx pdpe1gb rdtscp lm constant_tsc arch_perfmon pebs bts rep_good nopl xtopology nonstop_tsc cpuid aperfmperf pni pclmulqdq dtes64 monitor ds_cpl vmx est tm2 ssse3 sdbg fma cx16 xtpr pdcm pcid sse4_1 sse4_2 movbe popcnt tsc_deadline_timer aes xsave avx f16c rdrand lahf_lm abm cpuid_fault epb invpcid_single pti ssbd ibrs ibpb stibp tpr_shadow vnmi flexpriority ept vpid fsgsbase tsc_adjust bmi1 avx2 smep bmi2 erms invpcid xsaveopt dtherm ida arat pln pts flush_l1d

Memory: 4k page, physical 8076860k(3038836k free), swap 999420k(999420k free)

vm_info: OpenJDK 64-Bit Server VM (10.0.2+13-Ubuntu-1ubuntu0.18.04.4) for linux-amd64 JRE (10.0.2+13-Ubuntu-1ubuntu0.18.04.4), built on Nov 13 2018 12:53:39 by "buildd" with gcc 7.3.0

END.
